<?xml version="1.0" encoding="UTF-8"?>
<!-- Generated by org.testng.reporters.JUnitReportReporter -->
<testsuite skipped="0" hostname="DELL" name="testcases.DuplicateLead" tests="1" failures="0" timestamp="2022-08-28T13:33:23 IST" time="28.390" errors="0">
  <testcase name="runLogin" time="28.390" classname="testcases.DuplicateLead"/>
  <system-out/>
</testsuite> <!-- testcases.DuplicateLead -->
