<?xml version="1.0" encoding="UTF-8"?>
<!-- Generated by org.testng.reporters.JUnitReportReporter -->
<testsuite skipped="0" hostname="DELL" name="testcases.LoginVerification" tests="2" failures="0" timestamp="2022-08-28T10:43:15 IST" time="10.105" errors="0">
  <testcase name="runLogin" time="3.300" classname="testcases.LoginVerification"/>
  <system-out/>
  <testcase name="runLogin" time="6.805" classname="testcases.LoginVerification"/>
  <system-out/>
</testsuite> <!-- testcases.LoginVerification -->
