<?xml version="1.0" encoding="UTF-8"?>
<!-- Generated by org.testng.reporters.JUnitReportReporter -->
<testsuite skipped="0" hostname="DELL" name="testcases.CreateNewLead" tests="2" failures="0" timestamp="2022-08-28T10:43:15 IST" time="33.658" errors="0">
  <testcase name="runLogin" time="14.515" classname="testcases.CreateNewLead"/>
  <system-out/>
  <testcase name="runLogin" time="19.143" classname="testcases.CreateNewLead"/>
  <system-out/>
</testsuite> <!-- testcases.CreateNewLead -->
