<?xml version="1.0" encoding="UTF-8"?>
<!-- Generated by org.testng.reporters.JUnitReportReporter -->
<testsuite skipped="0" hostname="DELL" name="testcases.DeleteLead" tests="1" failures="0" timestamp="2022-08-28T13:47:01 IST" time="28.439" errors="0">
  <testcase name="runLogin" time="28.439" classname="testcases.DeleteLead"/>
  <system-out/>
</testsuite> <!-- testcases.DeleteLead -->
