<?xml version="1.0" encoding="UTF-8"?>
<!-- Generated by org.testng.reporters.JUnitReportReporter -->
<testsuite skipped="0" hostname="DELL" name="testcases.EditLead" tests="2" failures="0" timestamp="2022-08-28T11:30:36 IST" time="48.176" errors="0">
  <testcase name="runLogin" time="21.011" classname="testcases.EditLead"/>
  <system-out/>
  <testcase name="runLogin" time="27.165" classname="testcases.EditLead"/>
  <system-out/>
</testsuite> <!-- testcases.EditLead -->
